PracticasPropias/app/build/intermediates/manifest_merge_blame_file/debug/manifest-merger-blame-debug-report.txt
1<?xml version="1.0" encoding="utf-8"?>
2<manifest xmlns:android="http://schemas.android.com/apk/res/android"
3    package="com.example.practicaspropias"
4    android:versionCode="1"
5    android:versionName="1.0" >
6
7    <uses-sdk
8        android:minSdkVersion="23"
8-->src\main\AndroidManifest.xml
9        android:targetSdkVersion="32" />
9-->src\main\AndroidManifest.xml
10
11    <application
11-->src\main\AndroidManifest.xml:5:5-49:19
12        android:allowBackup="true"
12-->src\main\AndroidManifest.xml:6:9-35
13        android:appComponentFactory="androidx.core.app.CoreComponentFactory"
13-->[androidx.core:core:1.8.0] AndroidManifest.xml:24:18-86
14        android:dataExtractionRules="@xml/data_extraction_rules"
14-->src\main\AndroidManifest.xml:7:9-65
15        android:debuggable="true"
16        android:extractNativeLibs="false"
17        android:fullBackupContent="@xml/backup_rules"
17-->src\main\AndroidManifest.xml:8:9-54
18        android:icon="@mipmap/ic_launcher"
18-->src\main\AndroidManifest.xml:9:9-43
19        android:label="@string/app_name"
19-->src\main\AndroidManifest.xml:10:9-41
20        android:roundIcon="@mipmap/ic_launcher_round"
20-->src\main\AndroidManifest.xml:11:9-54
21        android:supportsRtl="true"
21-->src\main\AndroidManifest.xml:12:9-35
22        android:testOnly="true"
23        android:theme="@style/Theme.PracticasPropias" >
23-->src\main\AndroidManifest.xml:13:9-54
24        <activity
24-->src\main\AndroidManifest.xml:15:9-21:20
25            android:name="com.example.practicaspropias.LogInActivity"
25-->src\main\AndroidManifest.xml:16:13-42
26            android:exported="false" >
26-->src\main\AndroidManifest.xml:17:13-37
27            <meta-data
27-->src\main\AndroidManifest.xml:18:13-20:36
28                android:name="android.app.lib_name"
28-->src\main\AndroidManifest.xml:19:17-52
29                android:value="" />
29-->src\main\AndroidManifest.xml:20:17-33
30        </activity>
31        <activity
31-->src\main\AndroidManifest.xml:22:9-28:20
32            android:name="com.example.practicaspropias.MainWindowActivity"
32-->src\main\AndroidManifest.xml:23:13-47
33            android:exported="false" >
33-->src\main\AndroidManifest.xml:24:13-37
34            <meta-data
34-->src\main\AndroidManifest.xml:18:13-20:36
35                android:name="android.app.lib_name"
35-->src\main\AndroidManifest.xml:19:17-52
36                android:value="" />
36-->src\main\AndroidManifest.xml:20:17-33
37        </activity>
38        <activity
38-->src\main\AndroidManifest.xml:29:9-35:20
39            android:name="com.example.practicaspropias.SignUpActivity"
39-->src\main\AndroidManifest.xml:30:13-43
40            android:exported="false" >
40-->src\main\AndroidManifest.xml:31:13-37
41            <meta-data
41-->src\main\AndroidManifest.xml:18:13-20:36
42                android:name="android.app.lib_name"
42-->src\main\AndroidManifest.xml:19:17-52
43                android:value="" />
43-->src\main\AndroidManifest.xml:20:17-33
44        </activity>
45        <activity
45-->src\main\AndroidManifest.xml:36:9-48:20
46            android:name="com.example.practicaspropias.WelcomeActivity"
46-->src\main\AndroidManifest.xml:37:13-44
47            android:exported="true" >
47-->src\main\AndroidManifest.xml:38:13-36
48            <meta-data
48-->src\main\AndroidManifest.xml:18:13-20:36
49                android:name="android.app.lib_name"
49-->src\main\AndroidManifest.xml:19:17-52
50                android:value="" />
50-->src\main\AndroidManifest.xml:20:17-33
51
52            <intent-filter>
52-->src\main\AndroidManifest.xml:43:13-47:29
53                <action android:name="android.intent.action.MAIN" />
53-->src\main\AndroidManifest.xml:44:17-69
53-->src\main\AndroidManifest.xml:44:25-66
54
55                <category android:name="android.intent.category.LAUNCHER" />
55-->src\main\AndroidManifest.xml:46:17-77
55-->src\main\AndroidManifest.xml:46:27-74
56            </intent-filter>
57        </activity>
58
59        <provider
59-->[androidx.emoji2:emoji2:1.2.0] AndroidManifest.xml:24:9-32:20
60            android:name="androidx.startup.InitializationProvider"
60-->[androidx.emoji2:emoji2:1.2.0] AndroidManifest.xml:25:13-67
61            android:authorities="com.example.practicaspropias.androidx-startup"
61-->[androidx.emoji2:emoji2:1.2.0] AndroidManifest.xml:26:13-68
62            android:exported="false" >
62-->[androidx.emoji2:emoji2:1.2.0] AndroidManifest.xml:27:13-37
63            <meta-data
63-->[androidx.emoji2:emoji2:1.2.0] AndroidManifest.xml:29:13-31:52
64                android:name="androidx.emoji2.text.EmojiCompatInitializer"
64-->[androidx.emoji2:emoji2:1.2.0] AndroidManifest.xml:30:17-75
65                android:value="androidx.startup" />
65-->[androidx.emoji2:emoji2:1.2.0] AndroidManifest.xml:31:17-49
66            <meta-data
66-->[androidx.lifecycle:lifecycle-process:2.4.1] AndroidManifest.xml:31:13-33:52
67                android:name="androidx.lifecycle.ProcessLifecycleInitializer"
67-->[androidx.lifecycle:lifecycle-process:2.4.1] AndroidManifest.xml:32:17-78
68                android:value="androidx.startup" />
68-->[androidx.lifecycle:lifecycle-process:2.4.1] AndroidManifest.xml:33:17-49
69        </provider>
70    </application>
71
72</manifest>